2018-04-10 08:32:28,841 DEBUG    root            Loaded Command Group: [u'gcloud', u'components']
2018-04-10 08:32:28,845 DEBUG    root            Loaded Command Group: [u'gcloud', u'components', u'update']
2018-04-10 08:32:28,848 DEBUG    root            Running [gcloud.components.update] with arguments: [--allow-no-backup: "True", --quiet: "True", COMPONENT-IDS:5: "[u'core', u'gcloud-deps', u'bq', u'gcloud', u'gsutil']"]
2018-04-10 08:32:29,072 INFO     ___FILE_ONLY___ 

2018-04-10 08:32:29,073 INFO     ___FILE_ONLY___ 
Your current Cloud SDK version is: 197.0.0

2018-04-10 08:32:29,073 INFO     ___FILE_ONLY___ Installing components from version: 197.0.0

2018-04-10 08:32:29,073 INFO     ___FILE_ONLY___ 

2018-04-10 08:32:29,085 INFO     ___FILE_ONLY___ +----------------------------------------------------------------------------+
2018-04-10 08:32:29,085 INFO     ___FILE_ONLY___ 

2018-04-10 08:32:29,085 INFO     ___FILE_ONLY___ |                    These components will be installed.                     |
2018-04-10 08:32:29,085 INFO     ___FILE_ONLY___ 

2018-04-10 08:32:29,085 INFO     ___FILE_ONLY___ +-----------------------------------------------------+------------+---------+
2018-04-10 08:32:29,085 INFO     ___FILE_ONLY___ 

2018-04-10 08:32:29,086 INFO     ___FILE_ONLY___ |                         Name                        |  Version   |   Size  |
2018-04-10 08:32:29,086 INFO     ___FILE_ONLY___ 

2018-04-10 08:32:29,086 INFO     ___FILE_ONLY___ +-----------------------------------------------------+------------+---------+
2018-04-10 08:32:29,086 INFO     ___FILE_ONLY___ 

2018-04-10 08:32:29,086 INFO     ___FILE_ONLY___ | 
2018-04-10 08:32:29,086 INFO     ___FILE_ONLY___ BigQuery Command Line Tool                         
2018-04-10 08:32:29,086 INFO     ___FILE_ONLY___  
2018-04-10 08:32:29,086 INFO     ___FILE_ONLY___ | 
2018-04-10 08:32:29,087 INFO     ___FILE_ONLY___     2.0.31
2018-04-10 08:32:29,087 INFO     ___FILE_ONLY___  
2018-04-10 08:32:29,087 INFO     ___FILE_ONLY___ | 
2018-04-10 08:32:29,087 INFO     ___FILE_ONLY___ < 1 MiB
2018-04-10 08:32:29,087 INFO     ___FILE_ONLY___  
2018-04-10 08:32:29,087 INFO     ___FILE_ONLY___ |
2018-04-10 08:32:29,087 INFO     ___FILE_ONLY___ 

2018-04-10 08:32:29,087 INFO     ___FILE_ONLY___ | 
2018-04-10 08:32:29,088 INFO     ___FILE_ONLY___ BigQuery Command Line Tool (Platform Specific)     
2018-04-10 08:32:29,088 INFO     ___FILE_ONLY___  
2018-04-10 08:32:29,088 INFO     ___FILE_ONLY___ | 
2018-04-10 08:32:29,088 INFO     ___FILE_ONLY___     2.0.26
2018-04-10 08:32:29,088 INFO     ___FILE_ONLY___  
2018-04-10 08:32:29,088 INFO     ___FILE_ONLY___ | 
2018-04-10 08:32:29,088 INFO     ___FILE_ONLY___ < 1 MiB
2018-04-10 08:32:29,088 INFO     ___FILE_ONLY___  
2018-04-10 08:32:29,088 INFO     ___FILE_ONLY___ |
2018-04-10 08:32:29,089 INFO     ___FILE_ONLY___ 

2018-04-10 08:32:29,089 INFO     ___FILE_ONLY___ | 
2018-04-10 08:32:29,089 INFO     ___FILE_ONLY___ Cloud SDK Core Libraries (Platform Specific)       
2018-04-10 08:32:29,089 INFO     ___FILE_ONLY___  
2018-04-10 08:32:29,089 INFO     ___FILE_ONLY___ | 
2018-04-10 08:32:29,089 INFO     ___FILE_ONLY___ 2018.03.16
2018-04-10 08:32:29,089 INFO     ___FILE_ONLY___  
2018-04-10 08:32:29,090 INFO     ___FILE_ONLY___ | 
2018-04-10 08:32:29,090 INFO     ___FILE_ONLY___ < 1 MiB
2018-04-10 08:32:29,090 INFO     ___FILE_ONLY___  
2018-04-10 08:32:29,090 INFO     ___FILE_ONLY___ |
2018-04-10 08:32:29,090 INFO     ___FILE_ONLY___ 

2018-04-10 08:32:29,090 INFO     ___FILE_ONLY___ | 
2018-04-10 08:32:29,090 INFO     ___FILE_ONLY___ Cloud Storage Command Line Tool                    
2018-04-10 08:32:29,090 INFO     ___FILE_ONLY___  
2018-04-10 08:32:29,091 INFO     ___FILE_ONLY___ | 
2018-04-10 08:32:29,091 INFO     ___FILE_ONLY___       4.30
2018-04-10 08:32:29,091 INFO     ___FILE_ONLY___  
2018-04-10 08:32:29,091 INFO     ___FILE_ONLY___ | 
2018-04-10 08:32:29,092 INFO     ___FILE_ONLY___ 3.4 MiB
2018-04-10 08:32:29,092 INFO     ___FILE_ONLY___  
2018-04-10 08:32:29,092 INFO     ___FILE_ONLY___ |
2018-04-10 08:32:29,092 INFO     ___FILE_ONLY___ 

2018-04-10 08:32:29,092 INFO     ___FILE_ONLY___ | 
2018-04-10 08:32:29,093 INFO     ___FILE_ONLY___ Cloud Storage Command Line Tool (Platform Specific)
2018-04-10 08:32:29,093 INFO     ___FILE_ONLY___  
2018-04-10 08:32:29,093 INFO     ___FILE_ONLY___ | 
2018-04-10 08:32:29,093 INFO     ___FILE_ONLY___       4.27
2018-04-10 08:32:29,093 INFO     ___FILE_ONLY___  
2018-04-10 08:32:29,093 INFO     ___FILE_ONLY___ | 
2018-04-10 08:32:29,093 INFO     ___FILE_ONLY___ < 1 MiB
2018-04-10 08:32:29,094 INFO     ___FILE_ONLY___  
2018-04-10 08:32:29,094 INFO     ___FILE_ONLY___ |
2018-04-10 08:32:29,094 INFO     ___FILE_ONLY___ 

2018-04-10 08:32:29,094 INFO     ___FILE_ONLY___ | 
2018-04-10 08:32:29,094 INFO     ___FILE_ONLY___ Default set of gcloud commands                     
2018-04-10 08:32:29,095 INFO     ___FILE_ONLY___  
2018-04-10 08:32:29,095 INFO     ___FILE_ONLY___ | 
2018-04-10 08:32:29,095 INFO     ___FILE_ONLY___           
2018-04-10 08:32:29,095 INFO     ___FILE_ONLY___  
2018-04-10 08:32:29,095 INFO     ___FILE_ONLY___ | 
2018-04-10 08:32:29,096 INFO     ___FILE_ONLY___        
2018-04-10 08:32:29,096 INFO     ___FILE_ONLY___  
2018-04-10 08:32:29,096 INFO     ___FILE_ONLY___ |
2018-04-10 08:32:29,096 INFO     ___FILE_ONLY___ 

2018-04-10 08:32:29,096 INFO     ___FILE_ONLY___ | 
2018-04-10 08:32:29,096 INFO     ___FILE_ONLY___ gcloud cli dependencies                            
2018-04-10 08:32:29,096 INFO     ___FILE_ONLY___  
2018-04-10 08:32:29,096 INFO     ___FILE_ONLY___ | 
2018-04-10 08:32:29,097 INFO     ___FILE_ONLY___ 2017.10.20
2018-04-10 08:32:29,097 INFO     ___FILE_ONLY___  
2018-04-10 08:32:29,097 INFO     ___FILE_ONLY___ | 
2018-04-10 08:32:29,097 INFO     ___FILE_ONLY___ 1.4 MiB
2018-04-10 08:32:29,097 INFO     ___FILE_ONLY___  
2018-04-10 08:32:29,097 INFO     ___FILE_ONLY___ |
2018-04-10 08:32:29,097 INFO     ___FILE_ONLY___ 

2018-04-10 08:32:29,097 INFO     ___FILE_ONLY___ +-----------------------------------------------------+------------+---------+
2018-04-10 08:32:29,097 INFO     ___FILE_ONLY___ 

2018-04-10 08:32:29,097 INFO     ___FILE_ONLY___ 

2018-04-10 08:32:29,334 INFO     ___FILE_ONLY___ For the latest full release notes, please visit:
  https://cloud.google.com/sdk/release_notes


2018-04-10 08:32:29,334 INFO     ___FILE_ONLY___ #============================================================#

2018-04-10 08:32:29,334 INFO     ___FILE_ONLY___ #= Creating update staging area                             =#

2018-04-10 08:32:29,334 INFO     ___FILE_ONLY___ #
2018-04-10 08:32:29,335 INFO     ___FILE_ONLY___ ======
2018-04-10 08:32:29,335 INFO     ___FILE_ONLY___ ======
2018-04-10 08:32:29,335 INFO     ___FILE_ONLY___ ======
2018-04-10 08:32:29,460 INFO     ___FILE_ONLY___ =
2018-04-10 08:32:29,503 INFO     ___FILE_ONLY___ =
2018-04-10 08:32:29,537 INFO     ___FILE_ONLY___ =
2018-04-10 08:32:29,595 INFO     ___FILE_ONLY___ =
2018-04-10 08:32:29,624 INFO     ___FILE_ONLY___ =
2018-04-10 08:32:29,652 INFO     ___FILE_ONLY___ =
2018-04-10 08:32:29,673 INFO     ___FILE_ONLY___ =
2018-04-10 08:32:29,706 INFO     ___FILE_ONLY___ =
2018-04-10 08:32:29,743 INFO     ___FILE_ONLY___ =
2018-04-10 08:32:29,787 INFO     ___FILE_ONLY___ =
2018-04-10 08:32:29,885 INFO     ___FILE_ONLY___ =
2018-04-10 08:32:29,918 INFO     ___FILE_ONLY___ =
2018-04-10 08:32:29,946 INFO     ___FILE_ONLY___ =
2018-04-10 08:32:30,017 INFO     ___FILE_ONLY___ =
2018-04-10 08:32:30,055 INFO     ___FILE_ONLY___ =
2018-04-10 08:32:30,093 INFO     ___FILE_ONLY___ =
2018-04-10 08:32:30,125 INFO     ___FILE_ONLY___ =
2018-04-10 08:32:30,171 INFO     ___FILE_ONLY___ =
2018-04-10 08:32:30,198 INFO     ___FILE_ONLY___ =
2018-04-10 08:32:30,244 INFO     ___FILE_ONLY___ =
2018-04-10 08:32:30,279 INFO     ___FILE_ONLY___ =
2018-04-10 08:32:30,342 INFO     ___FILE_ONLY___ =
2018-04-10 08:32:30,389 INFO     ___FILE_ONLY___ =
2018-04-10 08:32:30,429 INFO     ___FILE_ONLY___ =
2018-04-10 08:32:30,468 INFO     ___FILE_ONLY___ =
2018-04-10 08:32:30,513 INFO     ___FILE_ONLY___ =
2018-04-10 08:32:30,540 INFO     ___FILE_ONLY___ =
2018-04-10 08:32:30,574 INFO     ___FILE_ONLY___ =
2018-04-10 08:32:30,623 INFO     ___FILE_ONLY___ =
2018-04-10 08:32:30,659 INFO     ___FILE_ONLY___ =
2018-04-10 08:32:30,706 INFO     ___FILE_ONLY___ =
2018-04-10 08:32:30,748 INFO     ___FILE_ONLY___ =
2018-04-10 08:32:30,792 INFO     ___FILE_ONLY___ =
2018-04-10 08:32:30,866 INFO     ___FILE_ONLY___ =
2018-04-10 08:32:30,906 INFO     ___FILE_ONLY___ =
2018-04-10 08:32:30,990 INFO     ___FILE_ONLY___ =
2018-04-10 08:32:31,091 INFO     ___FILE_ONLY___ =
2018-04-10 08:32:31,178 INFO     ___FILE_ONLY___ =
2018-04-10 08:32:31,266 INFO     ___FILE_ONLY___ =
2018-04-10 08:32:31,337 INFO     ___FILE_ONLY___ =
2018-04-10 08:32:31,361 INFO     ___FILE_ONLY___ =
2018-04-10 08:32:31,388 INFO     ___FILE_ONLY___ =
2018-04-10 08:32:31,388 INFO     ___FILE_ONLY___ #

2018-04-10 08:32:31,390 INFO     ___FILE_ONLY___ #= Installing: BigQuery Command Line Tool                   =#

2018-04-10 08:32:31,390 INFO     ___FILE_ONLY___ #
2018-04-10 08:32:31,534 INFO     ___FILE_ONLY___ =
2018-04-10 08:32:31,538 INFO     ___FILE_ONLY___ =
2018-04-10 08:32:31,544 INFO     ___FILE_ONLY___ =
2018-04-10 08:32:31,549 INFO     ___FILE_ONLY___ =
2018-04-10 08:32:31,551 INFO     ___FILE_ONLY___ =
2018-04-10 08:32:31,556 INFO     ___FILE_ONLY___ =
2018-04-10 08:32:31,559 INFO     ___FILE_ONLY___ =
2018-04-10 08:32:31,561 INFO     ___FILE_ONLY___ =
2018-04-10 08:32:31,564 INFO     ___FILE_ONLY___ =
2018-04-10 08:32:31,567 INFO     ___FILE_ONLY___ =
2018-04-10 08:32:31,568 INFO     ___FILE_ONLY___ =
2018-04-10 08:32:31,571 INFO     ___FILE_ONLY___ =
2018-04-10 08:32:31,577 INFO     ___FILE_ONLY___ =
2018-04-10 08:32:31,579 INFO     ___FILE_ONLY___ =
2018-04-10 08:32:31,580 INFO     ___FILE_ONLY___ =
2018-04-10 08:32:31,583 INFO     ___FILE_ONLY___ =
2018-04-10 08:32:31,584 INFO     ___FILE_ONLY___ =
2018-04-10 08:32:31,585 INFO     ___FILE_ONLY___ =
2018-04-10 08:32:31,587 INFO     ___FILE_ONLY___ =
2018-04-10 08:32:31,589 INFO     ___FILE_ONLY___ =
2018-04-10 08:32:31,597 INFO     ___FILE_ONLY___ =
2018-04-10 08:32:31,599 INFO     ___FILE_ONLY___ =
2018-04-10 08:32:31,604 INFO     ___FILE_ONLY___ =
2018-04-10 08:32:31,605 INFO     ___FILE_ONLY___ =
2018-04-10 08:32:31,606 INFO     ___FILE_ONLY___ =
2018-04-10 08:32:31,609 INFO     ___FILE_ONLY___ =
2018-04-10 08:32:31,615 INFO     ___FILE_ONLY___ =
2018-04-10 08:32:31,618 INFO     ___FILE_ONLY___ =
2018-04-10 08:32:31,621 INFO     ___FILE_ONLY___ =
2018-04-10 08:32:31,623 INFO     ___FILE_ONLY___ =
2018-04-10 08:32:31,668 INFO     ___FILE_ONLY___ =
2018-04-10 08:32:31,671 INFO     ___FILE_ONLY___ =
2018-04-10 08:32:31,674 INFO     ___FILE_ONLY___ =
2018-04-10 08:32:31,678 INFO     ___FILE_ONLY___ =
2018-04-10 08:32:31,681 INFO     ___FILE_ONLY___ =
2018-04-10 08:32:31,684 INFO     ___FILE_ONLY___ =
2018-04-10 08:32:31,687 INFO     ___FILE_ONLY___ =
2018-04-10 08:32:31,690 INFO     ___FILE_ONLY___ =
2018-04-10 08:32:31,694 INFO     ___FILE_ONLY___ =
2018-04-10 08:32:31,697 INFO     ___FILE_ONLY___ =
2018-04-10 08:32:31,702 INFO     ___FILE_ONLY___ =
2018-04-10 08:32:31,705 INFO     ___FILE_ONLY___ =
2018-04-10 08:32:31,708 INFO     ___FILE_ONLY___ =
2018-04-10 08:32:31,710 INFO     ___FILE_ONLY___ =
2018-04-10 08:32:31,712 INFO     ___FILE_ONLY___ =
2018-04-10 08:32:31,715 INFO     ___FILE_ONLY___ =
2018-04-10 08:32:31,717 INFO     ___FILE_ONLY___ =
2018-04-10 08:32:31,719 INFO     ___FILE_ONLY___ =
2018-04-10 08:32:31,722 INFO     ___FILE_ONLY___ =
2018-04-10 08:32:31,725 INFO     ___FILE_ONLY___ =
2018-04-10 08:32:31,729 INFO     ___FILE_ONLY___ =
2018-04-10 08:32:31,732 INFO     ___FILE_ONLY___ =
2018-04-10 08:32:31,735 INFO     ___FILE_ONLY___ =
2018-04-10 08:32:31,737 INFO     ___FILE_ONLY___ =
2018-04-10 08:32:31,740 INFO     ___FILE_ONLY___ =
2018-04-10 08:32:31,744 INFO     ___FILE_ONLY___ =
2018-04-10 08:32:31,748 INFO     ___FILE_ONLY___ =
2018-04-10 08:32:31,750 INFO     ___FILE_ONLY___ =
2018-04-10 08:32:31,754 INFO     ___FILE_ONLY___ =
2018-04-10 08:32:31,760 INFO     ___FILE_ONLY___ =
2018-04-10 08:32:31,760 INFO     ___FILE_ONLY___ #

2018-04-10 08:32:31,771 INFO     ___FILE_ONLY___ #= Installing: BigQuery Command Line Tool (Platform Spec... =#

2018-04-10 08:32:31,771 INFO     ___FILE_ONLY___ #
2018-04-10 08:32:31,901 INFO     ___FILE_ONLY___ ==============================
2018-04-10 08:32:31,902 INFO     ___FILE_ONLY___ ===============
2018-04-10 08:32:31,903 INFO     ___FILE_ONLY___ ===============
2018-04-10 08:32:31,903 INFO     ___FILE_ONLY___ #

2018-04-10 08:32:31,909 INFO     ___FILE_ONLY___ #= Installing: Cloud SDK Core Libraries (Platform Specific) =#

2018-04-10 08:32:31,909 INFO     ___FILE_ONLY___ #
2018-04-10 08:32:32,032 INFO     ___FILE_ONLY___ ==============================
2018-04-10 08:32:32,033 INFO     ___FILE_ONLY___ ==========
2018-04-10 08:32:32,034 INFO     ___FILE_ONLY___ =========
2018-04-10 08:32:32,034 INFO     ___FILE_ONLY___ ===========
2018-04-10 08:32:32,034 INFO     ___FILE_ONLY___ #

2018-04-10 08:32:32,043 INFO     ___FILE_ONLY___ #= Installing: Cloud Storage Command Line Tool              =#

2018-04-10 08:32:32,043 INFO     ___FILE_ONLY___ #
2018-04-10 08:32:32,209 INFO     ___FILE_ONLY___ =
2018-04-10 08:32:32,232 INFO     ___FILE_ONLY___ =
2018-04-10 08:32:32,263 INFO     ___FILE_ONLY___ =
2018-04-10 08:32:32,291 INFO     ___FILE_ONLY___ =
2018-04-10 08:32:32,319 INFO     ___FILE_ONLY___ =
2018-04-10 08:32:32,342 INFO     ___FILE_ONLY___ =
2018-04-10 08:32:32,368 INFO     ___FILE_ONLY___ =
2018-04-10 08:32:32,390 INFO     ___FILE_ONLY___ =
2018-04-10 08:32:32,415 INFO     ___FILE_ONLY___ =
2018-04-10 08:32:32,437 INFO     ___FILE_ONLY___ =
2018-04-10 08:32:32,457 INFO     ___FILE_ONLY___ =
2018-04-10 08:32:32,475 INFO     ___FILE_ONLY___ =
2018-04-10 08:32:32,499 INFO     ___FILE_ONLY___ =
2018-04-10 08:32:32,521 INFO     ___FILE_ONLY___ =
2018-04-10 08:32:32,539 INFO     ___FILE_ONLY___ =
2018-04-10 08:32:32,556 INFO     ___FILE_ONLY___ =
2018-04-10 08:32:32,573 INFO     ___FILE_ONLY___ =
2018-04-10 08:32:32,596 INFO     ___FILE_ONLY___ =
2018-04-10 08:32:32,612 INFO     ___FILE_ONLY___ =
2018-04-10 08:32:32,627 INFO     ___FILE_ONLY___ =
2018-04-10 08:32:32,643 INFO     ___FILE_ONLY___ =
2018-04-10 08:32:32,654 INFO     ___FILE_ONLY___ =
2018-04-10 08:32:32,671 INFO     ___FILE_ONLY___ =
2018-04-10 08:32:32,683 INFO     ___FILE_ONLY___ =
2018-04-10 08:32:32,697 INFO     ___FILE_ONLY___ =
2018-04-10 08:32:32,709 INFO     ___FILE_ONLY___ =
2018-04-10 08:32:32,724 INFO     ___FILE_ONLY___ =
2018-04-10 08:32:32,738 INFO     ___FILE_ONLY___ =
2018-04-10 08:32:32,751 INFO     ___FILE_ONLY___ =
2018-04-10 08:32:32,765 INFO     ___FILE_ONLY___ =
2018-04-10 08:32:33,176 INFO     ___FILE_ONLY___ =
2018-04-10 08:32:33,213 INFO     ___FILE_ONLY___ =
2018-04-10 08:32:33,262 INFO     ___FILE_ONLY___ =
2018-04-10 08:32:33,295 INFO     ___FILE_ONLY___ =
2018-04-10 08:32:33,326 INFO     ___FILE_ONLY___ =
2018-04-10 08:32:33,352 INFO     ___FILE_ONLY___ =
2018-04-10 08:32:33,394 INFO     ___FILE_ONLY___ =
2018-04-10 08:32:33,432 INFO     ___FILE_ONLY___ =
2018-04-10 08:32:33,473 INFO     ___FILE_ONLY___ =
2018-04-10 08:32:33,514 INFO     ___FILE_ONLY___ =
2018-04-10 08:32:33,555 INFO     ___FILE_ONLY___ =
2018-04-10 08:32:33,599 INFO     ___FILE_ONLY___ =
2018-04-10 08:32:33,649 INFO     ___FILE_ONLY___ =
2018-04-10 08:32:33,686 INFO     ___FILE_ONLY___ =
2018-04-10 08:32:33,728 INFO     ___FILE_ONLY___ =
2018-04-10 08:32:33,763 INFO     ___FILE_ONLY___ =
2018-04-10 08:32:33,805 INFO     ___FILE_ONLY___ =
2018-04-10 08:32:33,846 INFO     ___FILE_ONLY___ =
2018-04-10 08:32:33,881 INFO     ___FILE_ONLY___ =
2018-04-10 08:32:33,927 INFO     ___FILE_ONLY___ =
2018-04-10 08:32:33,961 INFO     ___FILE_ONLY___ =
2018-04-10 08:32:33,994 INFO     ___FILE_ONLY___ =
2018-04-10 08:32:34,025 INFO     ___FILE_ONLY___ =
2018-04-10 08:32:34,053 INFO     ___FILE_ONLY___ =
2018-04-10 08:32:34,080 INFO     ___FILE_ONLY___ =
2018-04-10 08:32:34,117 INFO     ___FILE_ONLY___ =
2018-04-10 08:32:34,154 INFO     ___FILE_ONLY___ =
2018-04-10 08:32:34,186 INFO     ___FILE_ONLY___ =
2018-04-10 08:32:34,213 INFO     ___FILE_ONLY___ =
2018-04-10 08:32:34,241 INFO     ___FILE_ONLY___ =
2018-04-10 08:32:34,241 INFO     ___FILE_ONLY___ #

2018-04-10 08:32:34,302 INFO     ___FILE_ONLY___ #= Installing: Cloud Storage Command Line Tool (Platform... =#

2018-04-10 08:32:34,302 INFO     ___FILE_ONLY___ #
2018-04-10 08:32:34,429 INFO     ___FILE_ONLY___ ==============================
2018-04-10 08:32:34,431 INFO     ___FILE_ONLY___ ===============
2018-04-10 08:32:34,431 INFO     ___FILE_ONLY___ ===============
2018-04-10 08:32:34,431 INFO     ___FILE_ONLY___ #

2018-04-10 08:32:34,436 INFO     ___FILE_ONLY___ #= Installing: Default set of gcloud commands               =#

2018-04-10 08:32:34,437 INFO     ___FILE_ONLY___ #
2018-04-10 08:32:34,441 INFO     ___FILE_ONLY___ ============================================================
2018-04-10 08:32:34,441 INFO     ___FILE_ONLY___ #

2018-04-10 08:32:34,442 INFO     ___FILE_ONLY___ #= Installing: gcloud cli dependencies                      =#

2018-04-10 08:32:34,442 INFO     ___FILE_ONLY___ #
2018-04-10 08:32:34,663 INFO     ___FILE_ONLY___ =
2018-04-10 08:32:34,680 INFO     ___FILE_ONLY___ =
2018-04-10 08:32:34,688 INFO     ___FILE_ONLY___ =
2018-04-10 08:32:34,698 INFO     ___FILE_ONLY___ =
2018-04-10 08:32:34,703 INFO     ___FILE_ONLY___ =
2018-04-10 08:32:34,711 INFO     ___FILE_ONLY___ =
2018-04-10 08:32:34,716 INFO     ___FILE_ONLY___ =
2018-04-10 08:32:34,725 INFO     ___FILE_ONLY___ =
2018-04-10 08:32:34,732 INFO     ___FILE_ONLY___ =
2018-04-10 08:32:34,736 INFO     ___FILE_ONLY___ =
2018-04-10 08:32:34,746 INFO     ___FILE_ONLY___ =
2018-04-10 08:32:34,752 INFO     ___FILE_ONLY___ =
2018-04-10 08:32:34,756 INFO     ___FILE_ONLY___ =
2018-04-10 08:32:34,764 INFO     ___FILE_ONLY___ =
2018-04-10 08:32:34,769 INFO     ___FILE_ONLY___ =
2018-04-10 08:32:34,776 INFO     ___FILE_ONLY___ =
2018-04-10 08:32:34,781 INFO     ___FILE_ONLY___ =
2018-04-10 08:32:34,793 INFO     ___FILE_ONLY___ =
2018-04-10 08:32:34,802 INFO     ___FILE_ONLY___ =
2018-04-10 08:32:34,808 INFO     ___FILE_ONLY___ =
2018-04-10 08:32:34,814 INFO     ___FILE_ONLY___ =
2018-04-10 08:32:34,824 INFO     ___FILE_ONLY___ =
2018-04-10 08:32:34,829 INFO     ___FILE_ONLY___ =
2018-04-10 08:32:34,834 INFO     ___FILE_ONLY___ =
2018-04-10 08:32:34,841 INFO     ___FILE_ONLY___ =
2018-04-10 08:32:34,846 INFO     ___FILE_ONLY___ =
2018-04-10 08:32:34,852 INFO     ___FILE_ONLY___ =
2018-04-10 08:32:34,858 INFO     ___FILE_ONLY___ =
2018-04-10 08:32:34,864 INFO     ___FILE_ONLY___ =
2018-04-10 08:32:34,871 INFO     ___FILE_ONLY___ =
2018-04-10 08:32:34,926 INFO     ___FILE_ONLY___ =
2018-04-10 08:32:34,926 INFO     ___FILE_ONLY___ =
2018-04-10 08:32:34,927 INFO     ___FILE_ONLY___ =
2018-04-10 08:32:34,927 INFO     ___FILE_ONLY___ =
2018-04-10 08:32:34,929 INFO     ___FILE_ONLY___ =
2018-04-10 08:32:34,929 INFO     ___FILE_ONLY___ =
2018-04-10 08:32:34,930 INFO     ___FILE_ONLY___ =
2018-04-10 08:32:34,931 INFO     ___FILE_ONLY___ =
2018-04-10 08:32:34,932 INFO     ___FILE_ONLY___ =
2018-04-10 08:32:34,932 INFO     ___FILE_ONLY___ =
2018-04-10 08:32:34,933 INFO     ___FILE_ONLY___ =
2018-04-10 08:32:34,934 INFO     ___FILE_ONLY___ =
2018-04-10 08:32:34,934 INFO     ___FILE_ONLY___ =
2018-04-10 08:32:34,935 INFO     ___FILE_ONLY___ =
2018-04-10 08:32:34,936 INFO     ___FILE_ONLY___ =
2018-04-10 08:32:34,936 INFO     ___FILE_ONLY___ =
2018-04-10 08:32:34,937 INFO     ___FILE_ONLY___ =
2018-04-10 08:32:34,938 INFO     ___FILE_ONLY___ =
2018-04-10 08:32:34,939 INFO     ___FILE_ONLY___ =
2018-04-10 08:32:34,940 INFO     ___FILE_ONLY___ =
2018-04-10 08:32:34,941 INFO     ___FILE_ONLY___ =
2018-04-10 08:32:34,942 INFO     ___FILE_ONLY___ =
2018-04-10 08:32:34,978 INFO     ___FILE_ONLY___ =
2018-04-10 08:32:34,978 INFO     ___FILE_ONLY___ =
2018-04-10 08:32:34,979 INFO     ___FILE_ONLY___ =
2018-04-10 08:32:34,983 INFO     ___FILE_ONLY___ =
2018-04-10 08:32:34,984 INFO     ___FILE_ONLY___ =
2018-04-10 08:32:34,985 INFO     ___FILE_ONLY___ =
2018-04-10 08:32:34,986 INFO     ___FILE_ONLY___ =
2018-04-10 08:32:34,987 INFO     ___FILE_ONLY___ =
2018-04-10 08:32:34,987 INFO     ___FILE_ONLY___ #

2018-04-10 08:32:34,994 INFO     ___FILE_ONLY___ #= Creating backup and activating new installation          =#

2018-04-10 08:32:34,994 INFO     ___FILE_ONLY___ #
2018-04-10 08:32:34,995 DEBUG    root            Attempting to move directory [/usr/local/Caskroom/google-cloud-sdk/latest/google-cloud-sdk] to [/usr/local/Caskroom/google-cloud-sdk/latest/google-cloud-sdk.staging/.install/.backup]
2018-04-10 08:32:34,995 INFO     ___FILE_ONLY___ ==============================
2018-04-10 08:32:34,996 DEBUG    root            Attempting to move directory [/usr/local/Caskroom/google-cloud-sdk/latest/google-cloud-sdk.staging] to [/usr/local/Caskroom/google-cloud-sdk/latest/google-cloud-sdk]
2018-04-10 08:32:34,996 INFO     ___FILE_ONLY___ ==============================
2018-04-10 08:32:34,996 INFO     ___FILE_ONLY___ #

2018-04-10 08:32:35,003 DEBUG    root            Updating notification cache...
2018-04-10 08:32:35,003 INFO     ___FILE_ONLY___ 

2018-04-10 08:32:35,004 INFO     ___FILE_ONLY___ Performing post processing steps...
2018-04-10 08:32:35,004 DEBUG    root            Executing command: ['/usr/local/Cellar/python/2.7.14_2/Frameworks/Python.framework/Versions/2.7/Resources/Python.app/Contents/MacOS/Python', u'-S', u'/usr/local/Caskroom/google-cloud-sdk/latest/google-cloud-sdk/lib/gcloud.py', u'components', u'post-process']
2018-04-10 08:32:45,364 DEBUG    ___FILE_ONLY___ 
2018-04-10 08:32:45,365 DEBUG    ___FILE_ONLY___ 
2018-04-10 08:32:45,604 INFO     ___FILE_ONLY___ 
Update done!


2018-04-10 08:32:45,609 INFO     root            Display format: "none"
