2018-04-10 08:47:16,927 DEBUG    root            No implementation for release track [GA] for element: [/usr/local/Caskroom/google-cloud-sdk/latest/google-cloud-sdk/lib/surface/tasks]
2018-04-10 08:47:16,931 DEBUG    root            Loaded Command Group: [u'gcloud', u'feedback']
2018-04-10 08:47:16,933 DEBUG    root            Loaded Command Group: [u'gcloud', u'app']
2018-04-10 08:47:16,936 DEBUG    root            No implementation for release track [GA] for element: [/usr/local/Caskroom/google-cloud-sdk/latest/google-cloud-sdk/lib/surface/access_context_manager]
2018-04-10 08:47:16,937 DEBUG    root            Loaded Command Group: [u'gcloud', u'services']
2018-04-10 08:47:16,941 DEBUG    root            Loaded Command Group: [u'gcloud', u'meta']
2018-04-10 08:47:16,944 DEBUG    root            Loaded Command Group: [u'gcloud', u'datastore']
2018-04-10 08:47:16,946 DEBUG    root            Loaded Command Group: [u'gcloud', u'help']
2018-04-10 08:47:16,949 DEBUG    root            Loaded Command Group: [u'gcloud', u'iam']
2018-04-10 08:47:16,952 DEBUG    root            No implementation for release track [GA] for element: [/usr/local/Caskroom/google-cloud-sdk/latest/google-cloud-sdk/lib/surface/genomics]
2018-04-10 08:47:16,956 DEBUG    root            Loaded Command Group: [u'gcloud', u'functions']
2018-04-10 08:47:16,958 DEBUG    root            No implementation for release track [GA] for element: [/usr/local/Caskroom/google-cloud-sdk/latest/google-cloud-sdk/lib/surface/monitoring]
2018-04-10 08:47:16,961 DEBUG    root            No implementation for release track [GA] for element: [/usr/local/Caskroom/google-cloud-sdk/latest/google-cloud-sdk/lib/surface/billing]
2018-04-10 08:47:16,962 DEBUG    root            Loaded Command Group: [u'gcloud', u'source']
2018-04-10 08:47:16,971 DEBUG    root            Loaded Command Group: [u'gcloud', u'init']
2018-04-10 08:47:16,973 DEBUG    root            Loaded Command Group: [u'gcloud', u'version']
2018-04-10 08:47:16,975 DEBUG    root            Loaded Command Group: [u'gcloud', u'kms']
2018-04-10 08:47:16,978 DEBUG    root            No implementation for release track [GA] for element: [/usr/local/Caskroom/google-cloud-sdk/latest/google-cloud-sdk/lib/surface/bigtable]
2018-04-10 08:47:16,980 DEBUG    root            Loaded Command Group: [u'gcloud', u'dns']
2018-04-10 08:47:16,982 DEBUG    root            Loaded Command Group: [u'gcloud', u'config']
2018-04-10 08:47:16,985 DEBUG    root            No implementation for release track [GA] for element: [/usr/local/Caskroom/google-cloud-sdk/latest/google-cloud-sdk/lib/surface/resources]
2018-04-10 08:47:16,986 DEBUG    root            No implementation for release track [GA] for element: [/usr/local/Caskroom/google-cloud-sdk/latest/google-cloud-sdk/lib/surface/cloud_shell]
2018-04-10 08:47:16,987 DEBUG    root            Loaded Command Group: [u'gcloud', u'info']
2018-04-10 08:47:17,106 DEBUG    root            No implementation for release track [GA] for element: [/usr/local/Caskroom/google-cloud-sdk/latest/google-cloud-sdk/lib/surface/interactive]
2018-04-10 08:47:17,107 DEBUG    root            No implementation for release track [GA] for element: [/usr/local/Caskroom/google-cloud-sdk/latest/google-cloud-sdk/lib/surface/error_reporting]
2018-04-10 08:47:17,110 DEBUG    root            Loaded Command Group: [u'gcloud', u'organizations']
2018-04-10 08:47:17,113 DEBUG    root            Loaded Command Group: [u'gcloud', u'dataproc']
2018-04-10 08:47:17,139 DEBUG    root            Loaded Command Group: [u'gcloud', u'ml_engine']
2018-04-10 08:47:17,143 DEBUG    root            Loaded Command Group: [u'gcloud', u'iot']
2018-04-10 08:47:17,146 DEBUG    root            No implementation for release track [GA] for element: [/usr/local/Caskroom/google-cloud-sdk/latest/google-cloud-sdk/lib/surface/emulators]
2018-04-10 08:47:17,146 DEBUG    root            Loaded Command Group: [u'gcloud', u'auth']
2018-04-10 08:47:17,152 DEBUG    root            Loaded Command Group: [u'gcloud', u'debug']
2018-04-10 08:47:17,154 DEBUG    root            Loaded Command Group: [u'gcloud', u'firebase']
2018-04-10 08:47:17,156 DEBUG    root            No implementation for release track [GA] for element: [/usr/local/Caskroom/google-cloud-sdk/latest/google-cloud-sdk/lib/surface/category_manager]
2018-04-10 08:47:17,157 DEBUG    root            No implementation for release track [GA] for element: [/usr/local/Caskroom/google-cloud-sdk/latest/google-cloud-sdk/lib/surface/scheduler]
2018-04-10 08:47:17,159 DEBUG    root            Loaded Command Group: [u'gcloud', u'sql']
2018-04-10 08:47:17,161 DEBUG    root            Loaded Command Group: [u'gcloud', u'spanner']
2018-04-10 08:47:17,172 DEBUG    root            Loaded Command Group: [u'gcloud', u'container']
2018-04-10 08:47:17,174 DEBUG    root            Loaded Command Group: [u'gcloud', u'projects']
2018-04-10 08:47:17,177 DEBUG    root            No implementation for release track [GA] for element: [/usr/local/Caskroom/google-cloud-sdk/latest/google-cloud-sdk/lib/surface/resource_manager]
2018-04-10 08:47:17,179 DEBUG    root            Loaded Command Group: [u'gcloud', u'topic']
2018-04-10 08:47:17,181 DEBUG    root            Loaded Command Group: [u'gcloud', u'logging']
2018-04-10 08:47:17,186 DEBUG    root            No implementation for release track [GA] for element: [/usr/local/Caskroom/google-cloud-sdk/latest/google-cloud-sdk/lib/surface/search_help]
2018-04-10 08:47:17,187 DEBUG    root            Loaded Command Group: [u'gcloud', u'dataflow']
2018-04-10 08:47:17,190 DEBUG    root            Loaded Command Group: [u'gcloud', u'ml']
2018-04-10 08:47:17,193 DEBUG    root            No implementation for release track [GA] for element: [/usr/local/Caskroom/google-cloud-sdk/latest/google-cloud-sdk/lib/surface/runtime_config]
2018-04-10 08:47:17,194 DEBUG    root            Loaded Command Group: [u'gcloud', u'components']
2018-04-10 08:47:17,197 DEBUG    root            Loaded Command Group: [u'gcloud', u'domains']
2018-04-10 08:47:17,205 DEBUG    root            Loaded Command Group: [u'gcloud', u'docker']
2018-04-10 08:47:17,208 DEBUG    root            Loaded Command Group: [u'gcloud', u'endpoints']
2018-04-10 08:47:17,210 DEBUG    root            Loaded Command Group: [u'gcloud', u'pubsub']
2018-04-10 08:47:17,211 DEBUG    root            Loaded Command Group: [u'gcloud', u'deployment_manager']
2018-04-10 08:47:17,214 ERROR    root            (gcloud) Invalid choice: 'configurations'. Did you mean 'functions'?
