2018-04-10 08:47:21,577 DEBUG    root            Loaded Command Group: [u'gcloud', u'config']
2018-04-10 08:47:21,579 DEBUG    root            Loaded Command Group: [u'gcloud', u'config', u'configurations']
2018-04-10 08:47:21,580 DEBUG    root            Loaded Command Group: [u'gcloud', u'config', u'configurations', u'list']
2018-04-10 08:47:21,584 DEBUG    root            Running [gcloud.config.configurations.list] with arguments: []
2018-04-10 08:47:21,586 INFO     root            Display format: "table(
        name,
        is_active,
        properties.core.account,
        properties.core.project,
        properties.compute.zone:label=DEFAULT_ZONE,
        properties.compute.region:label=DEFAULT_REGION)
    "
2018-04-10 08:47:21,598 INFO     ___FILE_ONLY___ NAME
2018-04-10 08:47:21,598 INFO     ___FILE_ONLY___      
2018-04-10 08:47:21,598 INFO     ___FILE_ONLY___ IS_ACTIVE
2018-04-10 08:47:21,598 INFO     ___FILE_ONLY___   
2018-04-10 08:47:21,599 INFO     ___FILE_ONLY___ ACCOUNT
2018-04-10 08:47:21,599 INFO     ___FILE_ONLY___          
2018-04-10 08:47:21,599 INFO     ___FILE_ONLY___ PROJECT
2018-04-10 08:47:21,599 INFO     ___FILE_ONLY___             
2018-04-10 08:47:21,599 INFO     ___FILE_ONLY___ DEFAULT_ZONE
2018-04-10 08:47:21,600 INFO     ___FILE_ONLY___   
2018-04-10 08:47:21,600 INFO     ___FILE_ONLY___ DEFAULT_REGION
2018-04-10 08:47:21,600 INFO     ___FILE_ONLY___ 

2018-04-10 08:47:21,600 INFO     ___FILE_ONLY___ default
2018-04-10 08:47:21,600 INFO     ___FILE_ONLY___   
2018-04-10 08:47:21,600 INFO     ___FILE_ONLY___ False
2018-04-10 08:47:21,601 INFO     ___FILE_ONLY___ 

2018-04-10 08:47:21,601 INFO     ___FILE_ONLY___ dev
2018-04-10 08:47:21,601 INFO     ___FILE_ONLY___       
2018-04-10 08:47:21,601 INFO     ___FILE_ONLY___ True
2018-04-10 08:47:21,601 INFO     ___FILE_ONLY___        
2018-04-10 08:47:21,602 INFO     ___FILE_ONLY___ derek@fanai.io
2018-04-10 08:47:21,602 INFO     ___FILE_ONLY___   
2018-04-10 08:47:21,602 INFO     ___FILE_ONLY___ fanai-development
2018-04-10 08:47:21,602 INFO     ___FILE_ONLY___   
2018-04-10 08:47:21,602 INFO     ___FILE_ONLY___ us-west1-b
2018-04-10 08:47:21,602 INFO     ___FILE_ONLY___     
2018-04-10 08:47:21,603 INFO     ___FILE_ONLY___ us-west1
2018-04-10 08:47:21,603 INFO     ___FILE_ONLY___ 

2018-04-10 08:47:21,603 INFO     ___FILE_ONLY___ prod
2018-04-10 08:47:21,603 INFO     ___FILE_ONLY___      
2018-04-10 08:47:21,603 INFO     ___FILE_ONLY___ False
2018-04-10 08:47:21,603 INFO     ___FILE_ONLY___       
2018-04-10 08:47:21,604 INFO     ___FILE_ONLY___ derek@fanai.io
2018-04-10 08:47:21,604 INFO     ___FILE_ONLY___   
2018-04-10 08:47:21,604 INFO     ___FILE_ONLY___ fanai-production
2018-04-10 08:47:21,604 INFO     ___FILE_ONLY___    
2018-04-10 08:47:21,604 INFO     ___FILE_ONLY___ us-west1-b
2018-04-10 08:47:21,605 INFO     ___FILE_ONLY___     
2018-04-10 08:47:21,605 INFO     ___FILE_ONLY___ us-west1
2018-04-10 08:47:21,605 INFO     ___FILE_ONLY___ 

2018-04-10 08:47:21,605 INFO     ___FILE_ONLY___ stag
2018-04-10 08:47:21,605 INFO     ___FILE_ONLY___      
2018-04-10 08:47:21,605 INFO     ___FILE_ONLY___ False
2018-04-10 08:47:21,605 INFO     ___FILE_ONLY___       
2018-04-10 08:47:21,606 INFO     ___FILE_ONLY___ derek@fanai.io
2018-04-10 08:47:21,606 INFO     ___FILE_ONLY___   
2018-04-10 08:47:21,606 INFO     ___FILE_ONLY___ fanai-staging
2018-04-10 08:47:21,606 INFO     ___FILE_ONLY___       
2018-04-10 08:47:21,606 INFO     ___FILE_ONLY___ us-west1-b
2018-04-10 08:47:21,606 INFO     ___FILE_ONLY___     
2018-04-10 08:47:21,606 INFO     ___FILE_ONLY___ us-west1
2018-04-10 08:47:21,607 INFO     ___FILE_ONLY___ 

